app/build/intermediates/manifest_merge_blame_file/debug/manifest-merger-blame-debug-report.txt
1<?xml version="1.0" encoding="utf-8"?>
2<manifest xmlns:android="http://schemas.android.com/apk/res/android"
3    package="com.example.mispeliculas"
4    android:versionCode="1"
5    android:versionName="1.0" >
6
7    <uses-sdk
8        android:minSdkVersion="24"
8-->src/main/AndroidManifest.xml
9        android:targetSdkVersion="31" />
9-->src/main/AndroidManifest.xml
10
11    <uses-permission android:name="android.permission.INTERNET" />
11-->src/main/AndroidManifest.xml:5:5-66
11-->src/main/AndroidManifest.xml:5:22-64
12    <uses-permission android:name="android.permission.REORDER_TASKS" />
12-->[androidx.fragment:fragment-testing:1.4.0] AndroidManifest.xml:25:5-72
12-->[androidx.fragment:fragment-testing:1.4.0] AndroidManifest.xml:25:22-69
13
14    <application
14-->src/main/AndroidManifest.xml:7:5-34:19
15        android:allowBackup="true"
15-->src/main/AndroidManifest.xml:8:9-35
16        android:appComponentFactory="androidx.core.app.CoreComponentFactory"
16-->[androidx.core:core:1.7.0] AndroidManifest.xml:24:18-86
17        android:debuggable="true"
18        android:extractNativeLibs="false"
19        android:icon="@mipmap/ic_launcher"
19-->src/main/AndroidManifest.xml:9:9-43
20        android:label="@string/app_name"
20-->src/main/AndroidManifest.xml:10:9-41
21        android:roundIcon="@mipmap/ic_launcher_round"
21-->src/main/AndroidManifest.xml:11:9-54
22        android:supportsRtl="true"
22-->src/main/AndroidManifest.xml:12:9-35
23        android:theme="@style/AppTheme" >
23-->src/main/AndroidManifest.xml:13:9-40
24        <activity
24-->src/main/AndroidManifest.xml:14:9-24:20
25            android:name="com.example.mispeliculas.ui.PeliculaListaActivity"
25-->src/main/AndroidManifest.xml:15:13-53
26            android:exported="true"
26-->src/main/AndroidManifest.xml:18:13-36
27            android:label="@string/app_name"
27-->src/main/AndroidManifest.xml:16:13-45
28            android:theme="@style/AppTheme.NoActionBar" >
28-->src/main/AndroidManifest.xml:17:13-56
29            <intent-filter>
29-->src/main/AndroidManifest.xml:19:13-23:29
30                <action android:name="android.intent.action.MAIN" />
30-->src/main/AndroidManifest.xml:20:17-69
30-->src/main/AndroidManifest.xml:20:25-66
31
32                <category android:name="android.intent.category.LAUNCHER" />
32-->src/main/AndroidManifest.xml:22:17-77
32-->src/main/AndroidManifest.xml:22:27-74
33            </intent-filter>
34        </activity>
35        <activity
35-->src/main/AndroidManifest.xml:25:9-33:20
36            android:name="com.example.mispeliculas.ui.PeliculaDetalleActivity"
36-->src/main/AndroidManifest.xml:26:13-55
37            android:label="@string/title_item_detail"
37-->src/main/AndroidManifest.xml:27:13-54
38            android:parentActivityName="com.example.mispeliculas.ui.PeliculaListaActivity"
38-->src/main/AndroidManifest.xml:28:13-67
39            android:theme="@style/AppTheme.NoActionBar" >
39-->src/main/AndroidManifest.xml:29:13-56
40            <meta-data
40-->src/main/AndroidManifest.xml:30:13-32:85
41                android:name="android.support.PARENT_ACTIVITY"
41-->src/main/AndroidManifest.xml:31:17-63
42                android:value="com.example.mispeliculas.ui.PeliculaListaActivity" />
42-->src/main/AndroidManifest.xml:32:17-82
43        </activity>
44        <activity
44-->[androidx.fragment:fragment-testing:1.4.0] AndroidManifest.xml:28:9-37:20
45            android:name="androidx.fragment.app.testing.FragmentScenario$EmptyFragmentActivity"
45-->[androidx.fragment:fragment-testing:1.4.0] AndroidManifest.xml:29:13-96
46            android:exported="true"
46-->[androidx.fragment:fragment-testing:1.4.0] AndroidManifest.xml:30:13-36
47            android:multiprocess="true"
47-->[androidx.fragment:fragment-testing:1.4.0] AndroidManifest.xml:31:13-40
48            android:taskAffinity=""
48-->[androidx.fragment:fragment-testing:1.4.0] AndroidManifest.xml:32:13-36
49            android:theme="@style/FragmentScenarioEmptyFragmentActivityTheme" >
49-->[androidx.fragment:fragment-testing:1.4.0] AndroidManifest.xml:33:13-78
50            <intent-filter>
50-->[androidx.fragment:fragment-testing:1.4.0] AndroidManifest.xml:34:13-36:29
51                <action android:name="android.intent.action.MAIN" />
51-->src/main/AndroidManifest.xml:20:17-69
51-->src/main/AndroidManifest.xml:20:25-66
52            </intent-filter>
53        </activity>
54        <activity
54-->[androidx.test:core:1.4.0] AndroidManifest.xml:27:9-34:20
55            android:name="androidx.test.core.app.InstrumentationActivityInvoker$BootstrapActivity"
55-->[androidx.test:core:1.4.0] AndroidManifest.xml:28:13-99
56            android:exported="true"
56-->[androidx.test:core:1.4.0] AndroidManifest.xml:29:13-36
57            android:theme="@android:style/Theme" >
57-->[androidx.test:core:1.4.0] AndroidManifest.xml:30:13-49
58            <intent-filter>
58-->[androidx.fragment:fragment-testing:1.4.0] AndroidManifest.xml:34:13-36:29
59                <action android:name="android.intent.action.MAIN" />
59-->src/main/AndroidManifest.xml:20:17-69
59-->src/main/AndroidManifest.xml:20:25-66
60            </intent-filter>
61        </activity>
62        <activity
62-->[androidx.test:core:1.4.0] AndroidManifest.xml:35:9-42:20
63            android:name="androidx.test.core.app.InstrumentationActivityInvoker$EmptyActivity"
63-->[androidx.test:core:1.4.0] AndroidManifest.xml:36:13-95
64            android:exported="true"
64-->[androidx.test:core:1.4.0] AndroidManifest.xml:37:13-36
65            android:theme="@android:style/Theme" >
65-->[androidx.test:core:1.4.0] AndroidManifest.xml:38:13-49
66            <intent-filter>
66-->[androidx.fragment:fragment-testing:1.4.0] AndroidManifest.xml:34:13-36:29
67                <action android:name="android.intent.action.MAIN" />
67-->src/main/AndroidManifest.xml:20:17-69
67-->src/main/AndroidManifest.xml:20:25-66
68            </intent-filter>
69        </activity>
70        <activity
70-->[androidx.test:core:1.4.0] AndroidManifest.xml:43:9-50:20
71            android:name="androidx.test.core.app.InstrumentationActivityInvoker$EmptyFloatingActivity"
71-->[androidx.test:core:1.4.0] AndroidManifest.xml:44:13-103
72            android:exported="true"
72-->[androidx.test:core:1.4.0] AndroidManifest.xml:45:13-36
73            android:theme="@android:style/Theme.Dialog" >
73-->[androidx.test:core:1.4.0] AndroidManifest.xml:46:13-56
74            <intent-filter>
74-->[androidx.fragment:fragment-testing:1.4.0] AndroidManifest.xml:34:13-36:29
75                <action android:name="android.intent.action.MAIN" />
75-->src/main/AndroidManifest.xml:20:17-69
75-->src/main/AndroidManifest.xml:20:25-66
76            </intent-filter>
77        </activity>
78
79        <provider
79-->[androidx.emoji2:emoji2:1.0.0] AndroidManifest.xml:26:9-34:20
80            android:name="androidx.startup.InitializationProvider"
80-->[androidx.emoji2:emoji2:1.0.0] AndroidManifest.xml:27:13-67
81            android:authorities="com.example.mispeliculas.androidx-startup"
81-->[androidx.emoji2:emoji2:1.0.0] AndroidManifest.xml:28:13-68
82            android:exported="false" >
82-->[androidx.emoji2:emoji2:1.0.0] AndroidManifest.xml:29:13-37
83            <meta-data
83-->[androidx.emoji2:emoji2:1.0.0] AndroidManifest.xml:31:13-33:52
84                android:name="androidx.emoji2.text.EmojiCompatInitializer"
84-->[androidx.emoji2:emoji2:1.0.0] AndroidManifest.xml:32:17-75
85                android:value="androidx.startup" />
85-->[androidx.emoji2:emoji2:1.0.0] AndroidManifest.xml:33:17-49
86            <meta-data
86-->[androidx.lifecycle:lifecycle-process:2.4.0] AndroidManifest.xml:31:13-33:52
87                android:name="androidx.lifecycle.ProcessLifecycleInitializer"
87-->[androidx.lifecycle:lifecycle-process:2.4.0] AndroidManifest.xml:32:17-78
88                android:value="androidx.startup" />
88-->[androidx.lifecycle:lifecycle-process:2.4.0] AndroidManifest.xml:33:17-49
89        </provider>
90    </application>
91
92</manifest>